Sat Aug 01 2020 12:37:54 GMT+0900 (日本標準時):GET /
Sat Aug 01 2020 12:37:57 GMT+0900 (日本標準時):GET /about
Sat Aug 01 2020 12:37:58 GMT+0900 (日本標準時):GET /
Sat Aug 01 2020 12:41:37 GMT+0900 (日本標準時):GET /
Sat Aug 01 2020 12:43:10 GMT+0900 (日本標準時):GET /
Sat Aug 01 2020 12:59:33 GMT+0900 (日本標準時):GET /
Sat Aug 01 2020 12:59:44 GMT+0900 (日本標準時):GET /courses/something
Sat Aug 01 2020 13:03:09 GMT+0900 (日本標準時):GET /posts/2020/3
Sat Aug 01 2020 13:08:45 GMT+0900 (日本標準時):GET /posts/2020/3?sortsBy=name
Sat Aug 01 2020 13:09:11 GMT+0900 (日本標準時):GET /posts/2020/3?id=1234
Sat Aug 01 2020 13:14:54 GMT+0900 (日本標準時):GET /courses
Sat Aug 01 2020 13:18:44 GMT+0900 (日本標準時):GET /courses/1
Sat Aug 01 2020 13:19:03 GMT+0900 (日本標準時):GET /courses/10
Sat Aug 01 2020 13:19:07 GMT+0900 (日本標準時):GET /courses/3
Sat Aug 01 2020 14:44:47 GMT+0900 (日本標準時):GET /courses/3
Sat Aug 01 2020 14:44:54 GMT+0900 (日本標準時):GET /courses
Sat Aug 01 2020 14:54:32 GMT+0900 (日本標準時):GET /courses/3
Sat Aug 01 2020 14:54:37 GMT+0900 (日本標準時):GET /courses
Sat Aug 01 2020 14:56:01 GMT+0900 (日本標準時):POST /courses
Sat Aug 01 2020 15:06:44 GMT+0900 (日本標準時):POST /courses
Sat Aug 01 2020 15:33:26 GMT+0900 (日本標準時):POST /courses
Sat Aug 01 2020 15:33:54 GMT+0900 (日本標準時):GET /courses
Sat Aug 01 2020 15:33:56 GMT+0900 (日本標準時):GET /courses
Sat Aug 01 2020 15:34:10 GMT+0900 (日本標準時):POST /courses
Sat Aug 01 2020 15:34:15 GMT+0900 (日本標準時):GET /courses
Sat Aug 01 2020 15:43:08 GMT+0900 (日本標準時):GET /courses
Sat Aug 01 2020 15:43:33 GMT+0900 (日本標準時):POST /courses?name=
Sat Aug 01 2020 15:43:52 GMT+0900 (日本標準時):GET /
Sat Aug 01 2020 15:43:54 GMT+0900 (日本標準時):GET /about
Sat Aug 01 2020 15:43:55 GMT+0900 (日本標準時):GET /
Sat Aug 01 2020 15:44:03 GMT+0900 (日本標準時):GET /courses
Sat Aug 01 2020 15:45:07 GMT+0900 (日本標準時):GET /courses
Sat Aug 01 2020 15:45:21 GMT+0900 (日本標準時):POST /courses?name=
